生成启动时间为 2016/11/24 17:45:46。
     1>项目“C:\Users\no1\Desktop\吕继鸿\Code\踩地雷\踩地雷\踩地雷.vcxproj”在节点 2 上(Build 个目标)。
     1>ClCompile:
         C:\Program Files (x86)\Microsoft Visual Studio 11.0\VC\bin\CL.exe /c /ZI /nologo /W3 /WX- /Od /Oy- /D WIN32 /D _DEBUG /D _CONSOLE /D _UNICODE /D UNICODE /Gm /EHsc /RTC1 /MDd /GS /fp:precise /Zc:wchar_t /Zc:forScope /Fo"Debug\\" /Fd"Debug\vc110.pdb" /Gd /TP /analyze- /errorReport:prompt "踩地雷.cpp"
         踩地雷.cpp
     1>c:\users\no1\desktop\吕继鸿\code\踩地雷\踩地雷\踩地雷.cpp(28): warning C4996: 'getch': The POSIX name for this item is deprecated. Instead, use the ISO C++ conformant name: _getch. See online help for details.
                 c:\program files (x86)\microsoft visual studio 11.0\vc\include\conio.h(131) : 参见“getch”的声明
     1>c:\users\no1\desktop\吕继鸿\code\踩地雷\踩地雷\踩地雷.cpp(31): warning C4996: 'fopen': This function or variable may be unsafe. Consider using fopen_s instead. To disable deprecation, use _CRT_SECURE_NO_WARNINGS. See online help for details.
                 c:\program files (x86)\microsoft visual studio 11.0\vc\include\stdio.h(218) : 参见“fopen”的声明
     1>c:\users\no1\desktop\吕继鸿\code\踩地雷\踩地雷\踩地雷.cpp(262): warning C4996: 'fopen': This function or variable may be unsafe. Consider using fopen_s instead. To disable deprecation, use _CRT_SECURE_NO_WARNINGS. See online help for details.
                 c:\program files (x86)\microsoft visual studio 11.0\vc\include\stdio.h(218) : 参见“fopen”的声明
     1>c:\users\no1\desktop\吕继鸿\code\踩地雷\踩地雷\踩地雷.cpp(272): warning C4996: 'fscanf': This function or variable may be unsafe. Consider using fscanf_s instead. To disable deprecation, use _CRT_SECURE_NO_WARNINGS. See online help for details.
                 c:\program files (x86)\microsoft visual studio 11.0\vc\include\stdio.h(237) : 参见“fscanf”的声明
       Link:
         C:\Program Files (x86)\Microsoft Visual Studio 11.0\VC\bin\link.exe /ERRORREPORT:PROMPT /OUT:"C:\Users\no1\Desktop\吕继鸿\Code\踩地雷\Debug\踩地雷.exe" /INCREMENTAL /NOLOGO kernel32.lib user32.lib gdi32.lib winspool.lib comdlg32.lib advapi32.lib shell32.lib ole32.lib oleaut32.lib uuid.lib odbc32.lib odbccp32.lib /MANIFEST /MANIFESTUAC:"level='asInvoker' uiAccess='false'" /manifest:embed /DEBUG /PDB:"C:\Users\no1\Desktop\吕继鸿\Code\踩地雷\Debug\踩地雷.pdb" /SUBSYSTEM:CONSOLE /TLBID:1 /DYNAMICBASE /NXCOMPAT /IMPLIB:"C:\Users\no1\Desktop\吕继鸿\Code\踩地雷\Debug\踩地雷.lib" /MACHINE:X86 Debug\LNode.obj
         Debug\stdafx.obj
         "Debug\踩地雷.obj"
         踩地雷.vcxproj -> C:\Users\no1\Desktop\吕继鸿\Code\踩地雷\Debug\踩地雷.exe
     1>已完成生成项目“C:\Users\no1\Desktop\吕继鸿\Code\踩地雷\踩地雷\踩地雷.vcxproj”(Build 个目标)的操作。

生成成功。

已用时间 00:00:01.11
